[INFO] [2016-07-22 12:47:10][org.springframework.web.context.ContextLoader]Root WebApplicationContext: initialization started
[INFO] [2016-07-22 12:47:10][org.springframework.web.context.support.XmlWebApplicationContext]Refreshing Root WebApplicationContext: startup date [Fri Jul 22 12:47:10 CST 2016]; root of context hierarchy
[INFO] [2016-07-22 12:47:10][org.springframework.beans.factory.xml.XmlBeanDefinitionReader]Loading XML bean definitions from file [E:\irlab\Java\StdDB\target\classes\spring\applicationContext-dao.xml]
[INFO] [2016-07-22 12:47:10][org.springframework.beans.factory.xml.XmlBeanDefinitionReader]Loading XML bean definitions from file [E:\irlab\Java\StdDB\target\classes\spring\applicationContext-shiro.xml]
[INFO] [2016-07-22 12:47:10][org.springframework.beans.factory.xml.XmlBeanDefinitionReader]Loading XML bean definitions from file [E:\irlab\Java\StdDB\target\classes\spring\applicationContext.xml]
[INFO] [2016-07-22 12:47:11][org.springframework.context.support.PropertySourcesPlaceholderConfigurer]Loading properties file from class path resource [db.properties]
[INFO] [2016-07-22 12:47:11][org.springframework.beans.factory.annotation.AutowiredAnnotationBeanPostProcessor]JSR-330 'javax.inject.Inject' annotation found and supported for autowiring
[INFO] [2016-07-22 12:47:11][org.springframework.context.support.PostProcessorRegistrationDelegate$BeanPostProcessorChecker]Bean 'org.springframework.beans.factory.config.MethodInvokingFactoryBean#0' of type [class org.springframework.beans.factory.config.MethodInvokingFactoryBean] is not eligible for getting processed by all BeanPostProcessors (for example: not eligible for auto-proxying)
[INFO] [2016-07-22 12:47:12][com.alibaba.druid.pool.DruidDataSource]{dataSource-1} inited
[INFO] [2016-07-22 12:47:12][org.springframework.context.support.PostProcessorRegistrationDelegate$BeanPostProcessorChecker]Bean 'dataSourceLocal' of type [class com.alibaba.druid.pool.DruidDataSource] is not eligible for getting processed by all BeanPostProcessors (for example: not eligible for auto-proxying)
[INFO] [2016-07-22 12:47:12][com.alibaba.druid.pool.DruidDataSource]{dataSource-2} inited
[INFO] [2016-07-22 12:47:12][org.springframework.context.support.PostProcessorRegistrationDelegate$BeanPostProcessorChecker]Bean 'dataSourceAccess' of type [class com.alibaba.druid.pool.DruidDataSource] is not eligible for getting processed by all BeanPostProcessors (for example: not eligible for auto-proxying)
[INFO] [2016-07-22 12:47:12][com.alibaba.druid.pool.DruidDataSource]{dataSource-3} inited
[INFO] [2016-07-22 12:47:12][org.springframework.context.support.PostProcessorRegistrationDelegate$BeanPostProcessorChecker]Bean 'dataSourceMysql' of type [class com.alibaba.druid.pool.DruidDataSource] is not eligible for getting processed by all BeanPostProcessors (for example: not eligible for auto-proxying)
[INFO] [2016-07-22 12:47:12][org.springframework.context.support.PostProcessorRegistrationDelegate$BeanPostProcessorChecker]Bean 'multipleDataSource' of type [class edu.whu.irlab.datasource.MultipleDataSource] is not eligible for getting processed by all BeanPostProcessors (for example: not eligible for auto-proxying)
[INFO] [2016-07-22 12:47:13][org.springframework.context.support.PostProcessorRegistrationDelegate$BeanPostProcessorChecker]Bean 'sqlSessionFactory' of type [class org.mybatis.spring.SqlSessionFactoryBean] is not eligible for getting processed by all BeanPostProcessors (for example: not eligible for auto-proxying)
[INFO] [2016-07-22 12:47:13][org.springframework.context.support.PostProcessorRegistrationDelegate$BeanPostProcessorChecker]Bean 'sqlSessionFactory' of type [class org.apache.ibatis.session.defaults.DefaultSqlSessionFactory] is not eligible for getting processed by all BeanPostProcessors (for example: not eligible for auto-proxying)
[INFO] [2016-07-22 12:47:13][org.springframework.context.support.PostProcessorRegistrationDelegate$BeanPostProcessorChecker]Bean 'userMapper' of type [class org.mybatis.spring.mapper.MapperFactoryBean] is not eligible for getting processed by all BeanPostProcessors (for example: not eligible for auto-proxying)
[INFO] [2016-07-22 12:47:13][org.springframework.context.support.PostProcessorRegistrationDelegate$BeanPostProcessorChecker]Bean 'userMapper' of type [class com.sun.proxy.$Proxy36] is not eligible for getting processed by all BeanPostProcessors (for example: not eligible for auto-proxying)
[INFO] [2016-07-22 12:47:13][org.springframework.context.support.PostProcessorRegistrationDelegate$BeanPostProcessorChecker]Bean 'userService' of type [class edu.whu.irlab.service.local.impl.UserServiceImpl] is not eligible for getting processed by all BeanPostProcessors (for example: not eligible for auto-proxying)
[INFO] [2016-07-22 12:47:13][org.springframework.context.support.PostProcessorRegistrationDelegate$BeanPostProcessorChecker]Bean 'hashedCredentialsMatcher' of type [class org.apache.shiro.authc.credential.HashedCredentialsMatcher] is not eligible for getting processed by all BeanPostProcessors (for example: not eligible for auto-proxying)
[INFO] [2016-07-22 12:47:13][org.apache.shiro.realm.AuthorizingRealm]No cache or cacheManager properties have been set.  Authorization cache cannot be obtained.
[INFO] [2016-07-22 12:47:13][org.springframework.context.support.PostProcessorRegistrationDelegate$BeanPostProcessorChecker]Bean 'userRealm' of type [class edu.whu.irlab.shiro.realm.UserRealm] is not eligible for getting processed by all BeanPostProcessors (for example: not eligible for auto-proxying)
[INFO] [2016-07-22 12:47:13][org.springframework.context.support.PostProcessorRegistrationDelegate$BeanPostProcessorChecker]Bean 'securityManager' of type [class org.apache.shiro.web.mgt.DefaultWebSecurityManager] is not eligible for getting processed by all BeanPostProcessors (for example: not eligible for auto-proxying)
[INFO] [2016-07-22 12:47:13][org.springframework.context.support.PostProcessorRegistrationDelegate$BeanPostProcessorChecker]Bean 'formAuthenticationFilter' of type [class org.apache.shiro.web.filter.authc.FormAuthenticationFilter] is not eligible for getting processed by all BeanPostProcessors (for example: not eligible for auto-proxying)
[INFO] [2016-07-22 12:47:13][org.springframework.web.context.ContextLoader]Root WebApplicationContext: initialization completed in 3673 ms
[INFO] [2016-07-22 12:47:14][org.springframework.web.servlet.DispatcherServlet]FrameworkServlet 'dispatcherServlet': initialization started
[INFO] [2016-07-22 12:47:14][org.springframework.web.context.support.XmlWebApplicationContext]Refreshing WebApplicationContext for namespace 'dispatcherServlet-servlet': startup date [Fri Jul 22 12:47:14 CST 2016]; parent: Root WebApplicationContext
[INFO] [2016-07-22 12:47:14][org.springframework.beans.factory.xml.XmlBeanDefinitionReader]Loading XML bean definitions from class path resource [spring-mvc.xml]
[INFO] [2016-07-22 12:47:15][org.springframework.beans.factory.annotation.AutowiredAnnotationBeanPostProcessor]JSR-330 'javax.inject.Inject' annotation found and supported for autowiring
[INFO] [2016-07-22 12:47:15][org.springframework.web.servlet.mvc.method.annotation.RequestMappingHandlerMapping]Mapped "{[/login],methods=[GET]}" onto public java.lang.String edu.whu.irlab.web.LoginController.login(edu.whu.irlab.model.local.User)
[INFO] [2016-07-22 12:47:15][org.springframework.web.servlet.mvc.method.annotation.RequestMappingHandlerMapping]Mapped "{[/login],methods=[POST]}" onto public java.lang.String edu.whu.irlab.web.LoginController.login(edu.whu.irlab.model.local.User,org.springframework.web.servlet.mvc.support.RedirectAttributes)
[INFO] [2016-07-22 12:47:15][org.springframework.web.servlet.mvc.method.annotation.RequestMappingHandlerMapping]Mapped "{[/system/fileUpload],methods=[POST]}" onto public java.util.Map<java.lang.String, java.lang.String> edu.whu.irlab.web.SystemController.fileUpload(org.springframework.web.multipart.MultipartFile,javax.servlet.http.HttpServletRequest)
[INFO] [2016-07-22 12:47:15][org.springframework.web.servlet.mvc.method.annotation.RequestMappingHandlerMapping]Mapped "{[/system/fileUpload],methods=[GET]}" onto public java.lang.String edu.whu.irlab.web.SystemController.fileUpload()
[INFO] [2016-07-22 12:47:15][org.springframework.web.servlet.mvc.method.annotation.RequestMappingHandlerAdapter]Looking for @ControllerAdvice: WebApplicationContext for namespace 'dispatcherServlet-servlet': startup date [Fri Jul 22 12:47:14 CST 2016]; parent: Root WebApplicationContext
[INFO] [2016-07-22 12:47:15][org.springframework.web.servlet.mvc.method.annotation.RequestMappingHandlerAdapter]Looking for @ControllerAdvice: WebApplicationContext for namespace 'dispatcherServlet-servlet': startup date [Fri Jul 22 12:47:14 CST 2016]; parent: Root WebApplicationContext
[INFO] [2016-07-22 12:47:15][org.springframework.web.servlet.handler.SimpleUrlHandlerMapping]Mapped URL path [/**] onto handler 'org.springframework.web.servlet.resource.DefaultServletHttpRequestHandler#0'
[INFO] [2016-07-22 12:47:15][org.springframework.web.servlet.handler.SimpleUrlHandlerMapping]Root mapping to handler of type [class org.springframework.web.servlet.mvc.ParameterizableViewController]
[INFO] [2016-07-22 12:47:15][org.springframework.web.servlet.DispatcherServlet]FrameworkServlet 'dispatcherServlet': initialization completed in 1171 ms
[INFO] [2016-07-22 13:00:26][org.springframework.web.context.ContextLoader]Root WebApplicationContext: initialization started
[INFO] [2016-07-22 13:00:26][org.springframework.web.context.support.XmlWebApplicationContext]Refreshing Root WebApplicationContext: startup date [Fri Jul 22 13:00:26 CST 2016]; root of context hierarchy
[INFO] [2016-07-22 13:00:27][org.springframework.beans.factory.xml.XmlBeanDefinitionReader]Loading XML bean definitions from file [E:\irlab\Java\StdDB\target\classes\spring\applicationContext-dao.xml]
[INFO] [2016-07-22 13:00:27][org.springframework.beans.factory.xml.XmlBeanDefinitionReader]Loading XML bean definitions from file [E:\irlab\Java\StdDB\target\classes\spring\applicationContext-shiro.xml]
[INFO] [2016-07-22 13:00:27][org.springframework.beans.factory.xml.XmlBeanDefinitionReader]Loading XML bean definitions from file [E:\irlab\Java\StdDB\target\classes\spring\applicationContext.xml]
[INFO] [2016-07-22 13:00:27][org.springframework.context.support.PropertySourcesPlaceholderConfigurer]Loading properties file from class path resource [db.properties]
[INFO] [2016-07-22 13:00:27][org.springframework.beans.factory.annotation.AutowiredAnnotationBeanPostProcessor]JSR-330 'javax.inject.Inject' annotation found and supported for autowiring
[INFO] [2016-07-22 13:00:28][org.springframework.context.support.PostProcessorRegistrationDelegate$BeanPostProcessorChecker]Bean 'org.springframework.beans.factory.config.MethodInvokingFactoryBean#0' of type [class org.springframework.beans.factory.config.MethodInvokingFactoryBean] is not eligible for getting processed by all BeanPostProcessors (for example: not eligible for auto-proxying)
[INFO] [2016-07-22 13:00:29][com.alibaba.druid.pool.DruidDataSource]{dataSource-1} inited
[INFO] [2016-07-22 13:00:29][org.springframework.context.support.PostProcessorRegistrationDelegate$BeanPostProcessorChecker]Bean 'dataSourceLocal' of type [class com.alibaba.druid.pool.DruidDataSource] is not eligible for getting processed by all BeanPostProcessors (for example: not eligible for auto-proxying)
[INFO] [2016-07-22 13:00:29][com.alibaba.druid.pool.DruidDataSource]{dataSource-2} inited
[INFO] [2016-07-22 13:00:29][org.springframework.context.support.PostProcessorRegistrationDelegate$BeanPostProcessorChecker]Bean 'dataSourceAccess' of type [class com.alibaba.druid.pool.DruidDataSource] is not eligible for getting processed by all BeanPostProcessors (for example: not eligible for auto-proxying)
[INFO] [2016-07-22 13:00:29][com.alibaba.druid.pool.DruidDataSource]{dataSource-3} inited
[INFO] [2016-07-22 13:00:29][org.springframework.context.support.PostProcessorRegistrationDelegate$BeanPostProcessorChecker]Bean 'dataSourceMysql' of type [class com.alibaba.druid.pool.DruidDataSource] is not eligible for getting processed by all BeanPostProcessors (for example: not eligible for auto-proxying)
[INFO] [2016-07-22 13:00:29][org.springframework.context.support.PostProcessorRegistrationDelegate$BeanPostProcessorChecker]Bean 'multipleDataSource' of type [class edu.whu.irlab.datasource.MultipleDataSource] is not eligible for getting processed by all BeanPostProcessors (for example: not eligible for auto-proxying)
[INFO] [2016-07-22 13:00:29][org.springframework.context.support.PostProcessorRegistrationDelegate$BeanPostProcessorChecker]Bean 'sqlSessionFactory' of type [class org.mybatis.spring.SqlSessionFactoryBean] is not eligible for getting processed by all BeanPostProcessors (for example: not eligible for auto-proxying)
[INFO] [2016-07-22 13:00:29][org.springframework.context.support.PostProcessorRegistrationDelegate$BeanPostProcessorChecker]Bean 'sqlSessionFactory' of type [class org.apache.ibatis.session.defaults.DefaultSqlSessionFactory] is not eligible for getting processed by all BeanPostProcessors (for example: not eligible for auto-proxying)
[INFO] [2016-07-22 13:00:29][org.springframework.context.support.PostProcessorRegistrationDelegate$BeanPostProcessorChecker]Bean 'userMapper' of type [class org.mybatis.spring.mapper.MapperFactoryBean] is not eligible for getting processed by all BeanPostProcessors (for example: not eligible for auto-proxying)
[INFO] [2016-07-22 13:00:29][org.springframework.context.support.PostProcessorRegistrationDelegate$BeanPostProcessorChecker]Bean 'userMapper' of type [class com.sun.proxy.$Proxy36] is not eligible for getting processed by all BeanPostProcessors (for example: not eligible for auto-proxying)
[INFO] [2016-07-22 13:00:29][org.springframework.context.support.PostProcessorRegistrationDelegate$BeanPostProcessorChecker]Bean 'userService' of type [class edu.whu.irlab.service.local.impl.UserServiceImpl] is not eligible for getting processed by all BeanPostProcessors (for example: not eligible for auto-proxying)
[INFO] [2016-07-22 13:00:29][org.springframework.context.support.PostProcessorRegistrationDelegate$BeanPostProcessorChecker]Bean 'hashedCredentialsMatcher' of type [class org.apache.shiro.authc.credential.HashedCredentialsMatcher] is not eligible for getting processed by all BeanPostProcessors (for example: not eligible for auto-proxying)
[INFO] [2016-07-22 13:00:29][org.apache.shiro.realm.AuthorizingRealm]No cache or cacheManager properties have been set.  Authorization cache cannot be obtained.
[INFO] [2016-07-22 13:00:29][org.springframework.context.support.PostProcessorRegistrationDelegate$BeanPostProcessorChecker]Bean 'userRealm' of type [class edu.whu.irlab.shiro.realm.UserRealm] is not eligible for getting processed by all BeanPostProcessors (for example: not eligible for auto-proxying)
[INFO] [2016-07-22 13:00:29][org.springframework.context.support.PostProcessorRegistrationDelegate$BeanPostProcessorChecker]Bean 'securityManager' of type [class org.apache.shiro.web.mgt.DefaultWebSecurityManager] is not eligible for getting processed by all BeanPostProcessors (for example: not eligible for auto-proxying)
[INFO] [2016-07-22 13:00:29][org.springframework.context.support.PostProcessorRegistrationDelegate$BeanPostProcessorChecker]Bean 'formAuthenticationFilter' of type [class org.apache.shiro.web.filter.authc.FormAuthenticationFilter] is not eligible for getting processed by all BeanPostProcessors (for example: not eligible for auto-proxying)
[INFO] [2016-07-22 13:00:29][org.springframework.web.context.ContextLoader]Root WebApplicationContext: initialization completed in 3204 ms
[INFO] [2016-07-22 13:00:30][org.springframework.web.servlet.DispatcherServlet]FrameworkServlet 'dispatcherServlet': initialization started
[INFO] [2016-07-22 13:00:30][org.springframework.web.context.support.XmlWebApplicationContext]Refreshing WebApplicationContext for namespace 'dispatcherServlet-servlet': startup date [Fri Jul 22 13:00:30 CST 2016]; parent: Root WebApplicationContext
[INFO] [2016-07-22 13:00:30][org.springframework.beans.factory.xml.XmlBeanDefinitionReader]Loading XML bean definitions from class path resource [spring-mvc.xml]
[INFO] [2016-07-22 13:00:30][org.springframework.beans.factory.annotation.AutowiredAnnotationBeanPostProcessor]JSR-330 'javax.inject.Inject' annotation found and supported for autowiring
[INFO] [2016-07-22 13:00:30][org.springframework.web.servlet.mvc.method.annotation.RequestMappingHandlerMapping]Mapped "{[/login],methods=[POST]}" onto public java.lang.String edu.whu.irlab.web.LoginController.login(edu.whu.irlab.model.local.User,org.springframework.web.servlet.mvc.support.RedirectAttributes)
[INFO] [2016-07-22 13:00:30][org.springframework.web.servlet.mvc.method.annotation.RequestMappingHandlerMapping]Mapped "{[/login],methods=[GET]}" onto public java.lang.String edu.whu.irlab.web.LoginController.login(edu.whu.irlab.model.local.User)
[INFO] [2016-07-22 13:00:30][org.springframework.web.servlet.mvc.method.annotation.RequestMappingHandlerMapping]Mapped "{[/system/fileUpload],methods=[POST]}" onto public java.util.Map<java.lang.String, java.lang.String> edu.whu.irlab.web.SystemController.fileUpload(org.springframework.web.multipart.MultipartFile,javax.servlet.http.HttpServletRequest)
[INFO] [2016-07-22 13:00:30][org.springframework.web.servlet.mvc.method.annotation.RequestMappingHandlerMapping]Mapped "{[/system/fileUpload],methods=[GET]}" onto public java.lang.String edu.whu.irlab.web.SystemController.fileUpload()
[INFO] [2016-07-22 13:00:31][org.springframework.web.servlet.mvc.method.annotation.RequestMappingHandlerAdapter]Looking for @ControllerAdvice: WebApplicationContext for namespace 'dispatcherServlet-servlet': startup date [Fri Jul 22 13:00:30 CST 2016]; parent: Root WebApplicationContext
[INFO] [2016-07-22 13:00:31][org.springframework.web.servlet.mvc.method.annotation.RequestMappingHandlerAdapter]Looking for @ControllerAdvice: WebApplicationContext for namespace 'dispatcherServlet-servlet': startup date [Fri Jul 22 13:00:30 CST 2016]; parent: Root WebApplicationContext
[INFO] [2016-07-22 13:00:31][org.springframework.web.servlet.handler.SimpleUrlHandlerMapping]Mapped URL path [/**] onto handler 'org.springframework.web.servlet.resource.DefaultServletHttpRequestHandler#0'
[INFO] [2016-07-22 13:00:31][org.springframework.web.servlet.handler.SimpleUrlHandlerMapping]Root mapping to handler of type [class org.springframework.web.servlet.mvc.ParameterizableViewController]
[INFO] [2016-07-22 13:00:31][org.springframework.web.servlet.DispatcherServlet]FrameworkServlet 'dispatcherServlet': initialization completed in 1270 ms
[INFO] [2016-07-22 13:07:33][org.apache.shiro.realm.AuthorizingRealm]No cache or cacheManager properties have been set.  Authorization cache cannot be obtained.
[INFO] [2016-07-22 13:07:33][org.springframework.web.servlet.mvc.method.annotation.RequestMappingHandlerMapping]Mapped "{[/login],methods=[POST]}" onto public java.lang.String edu.whu.irlab.web.LoginController.login(edu.whu.irlab.model.local.User,org.springframework.web.servlet.mvc.support.RedirectAttributes)
[INFO] [2016-07-22 13:07:33][org.springframework.web.servlet.mvc.method.annotation.RequestMappingHandlerMapping]Mapped "{[/login],methods=[GET]}" onto public java.lang.String edu.whu.irlab.web.LoginController.login(edu.whu.irlab.model.local.User)
[INFO] [2016-07-22 13:07:33][org.springframework.web.servlet.mvc.method.annotation.RequestMappingHandlerMapping]Mapped "{[/system/fileUpload],methods=[POST]}" onto public java.util.Map<java.lang.String, java.lang.String> edu.whu.irlab.web.SystemController.fileUpload(org.springframework.web.multipart.MultipartFile,javax.servlet.http.HttpServletRequest)
[INFO] [2016-07-22 13:07:33][org.springframework.web.servlet.mvc.method.annotation.RequestMappingHandlerMapping]Mapped "{[/system/fileUpload],methods=[GET]}" onto public java.lang.String edu.whu.irlab.web.SystemController.fileUpload()
[INFO] [2016-07-22 13:07:33][org.springframework.web.servlet.mvc.method.annotation.RequestMappingHandlerMapping]Mapped "{[/answer],methods=[GET]}" onto public java.lang.String edu.whu.irlab.web.AnswerController.answer(org.springframework.ui.Model)
[INFO] [2016-07-22 13:09:08][org.springframework.web.context.ContextLoader]Root WebApplicationContext: initialization started
[INFO] [2016-07-22 13:09:08][org.springframework.web.context.support.XmlWebApplicationContext]Refreshing Root WebApplicationContext: startup date [Fri Jul 22 13:09:08 CST 2016]; root of context hierarchy
[INFO] [2016-07-22 13:09:09][org.springframework.beans.factory.xml.XmlBeanDefinitionReader]Loading XML bean definitions from file [E:\irlab\Java\StdDB\target\classes\spring\applicationContext-dao.xml]
[INFO] [2016-07-22 13:09:09][org.springframework.beans.factory.xml.XmlBeanDefinitionReader]Loading XML bean definitions from file [E:\irlab\Java\StdDB\target\classes\spring\applicationContext-shiro.xml]
[INFO] [2016-07-22 13:09:09][org.springframework.beans.factory.xml.XmlBeanDefinitionReader]Loading XML bean definitions from file [E:\irlab\Java\StdDB\target\classes\spring\applicationContext.xml]
[INFO] [2016-07-22 13:09:09][org.springframework.context.support.PropertySourcesPlaceholderConfigurer]Loading properties file from class path resource [db.properties]
[INFO] [2016-07-22 13:09:09][org.springframework.beans.factory.annotation.AutowiredAnnotationBeanPostProcessor]JSR-330 'javax.inject.Inject' annotation found and supported for autowiring
[INFO] [2016-07-22 13:09:10][org.springframework.context.support.PostProcessorRegistrationDelegate$BeanPostProcessorChecker]Bean 'org.springframework.beans.factory.config.MethodInvokingFactoryBean#0' of type [class org.springframework.beans.factory.config.MethodInvokingFactoryBean] is not eligible for getting processed by all BeanPostProcessors (for example: not eligible for auto-proxying)
[INFO] [2016-07-22 13:09:11][com.alibaba.druid.pool.DruidDataSource]{dataSource-1} inited
[INFO] [2016-07-22 13:09:11][org.springframework.context.support.PostProcessorRegistrationDelegate$BeanPostProcessorChecker]Bean 'dataSourceLocal' of type [class com.alibaba.druid.pool.DruidDataSource] is not eligible for getting processed by all BeanPostProcessors (for example: not eligible for auto-proxying)
[INFO] [2016-07-22 13:09:11][com.alibaba.druid.pool.DruidDataSource]{dataSource-2} inited
[INFO] [2016-07-22 13:09:11][org.springframework.context.support.PostProcessorRegistrationDelegate$BeanPostProcessorChecker]Bean 'dataSourceAccess' of type [class com.alibaba.druid.pool.DruidDataSource] is not eligible for getting processed by all BeanPostProcessors (for example: not eligible for auto-proxying)
[INFO] [2016-07-22 13:09:11][com.alibaba.druid.pool.DruidDataSource]{dataSource-3} inited
[INFO] [2016-07-22 13:09:11][org.springframework.context.support.PostProcessorRegistrationDelegate$BeanPostProcessorChecker]Bean 'dataSourceMysql' of type [class com.alibaba.druid.pool.DruidDataSource] is not eligible for getting processed by all BeanPostProcessors (for example: not eligible for auto-proxying)
[INFO] [2016-07-22 13:09:11][org.springframework.context.support.PostProcessorRegistrationDelegate$BeanPostProcessorChecker]Bean 'multipleDataSource' of type [class edu.whu.irlab.datasource.MultipleDataSource] is not eligible for getting processed by all BeanPostProcessors (for example: not eligible for auto-proxying)
[INFO] [2016-07-22 13:09:11][org.springframework.context.support.PostProcessorRegistrationDelegate$BeanPostProcessorChecker]Bean 'sqlSessionFactory' of type [class org.mybatis.spring.SqlSessionFactoryBean] is not eligible for getting processed by all BeanPostProcessors (for example: not eligible for auto-proxying)
[INFO] [2016-07-22 13:09:11][org.springframework.context.support.PostProcessorRegistrationDelegate$BeanPostProcessorChecker]Bean 'sqlSessionFactory' of type [class org.apache.ibatis.session.defaults.DefaultSqlSessionFactory] is not eligible for getting processed by all BeanPostProcessors (for example: not eligible for auto-proxying)
[INFO] [2016-07-22 13:09:11][org.springframework.context.support.PostProcessorRegistrationDelegate$BeanPostProcessorChecker]Bean 'userMapper' of type [class org.mybatis.spring.mapper.MapperFactoryBean] is not eligible for getting processed by all BeanPostProcessors (for example: not eligible for auto-proxying)
[INFO] [2016-07-22 13:09:11][org.springframework.context.support.PostProcessorRegistrationDelegate$BeanPostProcessorChecker]Bean 'userMapper' of type [class com.sun.proxy.$Proxy36] is not eligible for getting processed by all BeanPostProcessors (for example: not eligible for auto-proxying)
[INFO] [2016-07-22 13:09:11][org.springframework.context.support.PostProcessorRegistrationDelegate$BeanPostProcessorChecker]Bean 'userService' of type [class edu.whu.irlab.service.local.impl.UserServiceImpl] is not eligible for getting processed by all BeanPostProcessors (for example: not eligible for auto-proxying)
[INFO] [2016-07-22 13:09:11][org.springframework.context.support.PostProcessorRegistrationDelegate$BeanPostProcessorChecker]Bean 'hashedCredentialsMatcher' of type [class org.apache.shiro.authc.credential.HashedCredentialsMatcher] is not eligible for getting processed by all BeanPostProcessors (for example: not eligible for auto-proxying)
[INFO] [2016-07-22 13:09:11][org.apache.shiro.realm.AuthorizingRealm]No cache or cacheManager properties have been set.  Authorization cache cannot be obtained.
[INFO] [2016-07-22 13:09:11][org.springframework.context.support.PostProcessorRegistrationDelegate$BeanPostProcessorChecker]Bean 'userRealm' of type [class edu.whu.irlab.shiro.realm.UserRealm] is not eligible for getting processed by all BeanPostProcessors (for example: not eligible for auto-proxying)
[INFO] [2016-07-22 13:09:11][org.springframework.context.support.PostProcessorRegistrationDelegate$BeanPostProcessorChecker]Bean 'securityManager' of type [class org.apache.shiro.web.mgt.DefaultWebSecurityManager] is not eligible for getting processed by all BeanPostProcessors (for example: not eligible for auto-proxying)
[INFO] [2016-07-22 13:09:11][org.springframework.context.support.PostProcessorRegistrationDelegate$BeanPostProcessorChecker]Bean 'formAuthenticationFilter' of type [class org.apache.shiro.web.filter.authc.FormAuthenticationFilter] is not eligible for getting processed by all BeanPostProcessors (for example: not eligible for auto-proxying)
[INFO] [2016-07-22 13:09:11][org.springframework.web.context.ContextLoader]Root WebApplicationContext: initialization completed in 3045 ms
[INFO] [2016-07-22 13:09:12][org.springframework.web.servlet.DispatcherServlet]FrameworkServlet 'dispatcherServlet': initialization started
[INFO] [2016-07-22 13:09:12][org.springframework.web.context.support.XmlWebApplicationContext]Refreshing WebApplicationContext for namespace 'dispatcherServlet-servlet': startup date [Fri Jul 22 13:09:12 CST 2016]; parent: Root WebApplicationContext
[INFO] [2016-07-22 13:09:12][org.springframework.beans.factory.xml.XmlBeanDefinitionReader]Loading XML bean definitions from class path resource [spring-mvc.xml]
[INFO] [2016-07-22 13:09:12][org.springframework.beans.factory.annotation.AutowiredAnnotationBeanPostProcessor]JSR-330 'javax.inject.Inject' annotation found and supported for autowiring
[INFO] [2016-07-22 13:09:12][org.springframework.web.servlet.mvc.method.annotation.RequestMappingHandlerMapping]Mapped "{[/answer],methods=[GET]}" onto public java.lang.String edu.whu.irlab.web.AnswerController.answer(org.springframework.ui.Model)
[INFO] [2016-07-22 13:09:12][org.springframework.web.servlet.mvc.method.annotation.RequestMappingHandlerMapping]Mapped "{[/login],methods=[GET]}" onto public java.lang.String edu.whu.irlab.web.LoginController.login(edu.whu.irlab.model.local.User)
[INFO] [2016-07-22 13:09:12][org.springframework.web.servlet.mvc.method.annotation.RequestMappingHandlerMapping]Mapped "{[/login],methods=[POST]}" onto public java.lang.String edu.whu.irlab.web.LoginController.login(edu.whu.irlab.model.local.User,org.springframework.web.servlet.mvc.support.RedirectAttributes)
[INFO] [2016-07-22 13:09:12][org.springframework.web.servlet.mvc.method.annotation.RequestMappingHandlerMapping]Mapped "{[/system/fileUpload],methods=[GET]}" onto public java.lang.String edu.whu.irlab.web.SystemController.fileUpload()
[INFO] [2016-07-22 13:09:12][org.springframework.web.servlet.mvc.method.annotation.RequestMappingHandlerMapping]Mapped "{[/system/fileUpload],methods=[POST]}" onto public java.util.Map<java.lang.String, java.lang.String> edu.whu.irlab.web.SystemController.fileUpload(org.springframework.web.multipart.MultipartFile,javax.servlet.http.HttpServletRequest)
[INFO] [2016-07-22 13:09:13][org.springframework.web.servlet.mvc.method.annotation.RequestMappingHandlerAdapter]Looking for @ControllerAdvice: WebApplicationContext for namespace 'dispatcherServlet-servlet': startup date [Fri Jul 22 13:09:12 CST 2016]; parent: Root WebApplicationContext
[INFO] [2016-07-22 13:09:13][org.springframework.web.servlet.mvc.method.annotation.RequestMappingHandlerAdapter]Looking for @ControllerAdvice: WebApplicationContext for namespace 'dispatcherServlet-servlet': startup date [Fri Jul 22 13:09:12 CST 2016]; parent: Root WebApplicationContext
[INFO] [2016-07-22 13:09:13][org.springframework.web.servlet.handler.SimpleUrlHandlerMapping]Mapped URL path [/**] onto handler 'org.springframework.web.servlet.resource.DefaultServletHttpRequestHandler#0'
[INFO] [2016-07-22 13:09:13][org.springframework.web.servlet.handler.SimpleUrlHandlerMapping]Root mapping to handler of type [class org.springframework.web.servlet.mvc.ParameterizableViewController]
[INFO] [2016-07-22 13:09:13][org.springframework.web.servlet.DispatcherServlet]FrameworkServlet 'dispatcherServlet': initialization completed in 1765 ms
[INFO] [2016-07-22 13:13:36][org.springframework.web.servlet.mvc.method.annotation.RequestMappingHandlerMapping]Mapped "{[/answer],methods=[GET]}" onto public java.lang.String edu.whu.irlab.web.AnswerController.answer(org.springframework.ui.Model)
[INFO] [2016-07-22 13:13:36][org.springframework.web.servlet.mvc.method.annotation.RequestMappingHandlerMapping]Mapped "{[/login],methods=[GET]}" onto public java.lang.String edu.whu.irlab.web.LoginController.login(edu.whu.irlab.model.local.User)
[INFO] [2016-07-22 13:13:36][org.springframework.web.servlet.mvc.method.annotation.RequestMappingHandlerMapping]Mapped "{[/login],methods=[POST]}" onto public java.lang.String edu.whu.irlab.web.LoginController.login(edu.whu.irlab.model.local.User,org.springframework.web.servlet.mvc.support.RedirectAttributes)
[INFO] [2016-07-22 13:13:36][org.springframework.web.servlet.mvc.method.annotation.RequestMappingHandlerMapping]Mapped "{[/system/fileUpload],methods=[GET]}" onto public java.lang.String edu.whu.irlab.web.SystemController.fileUpload()
[INFO] [2016-07-22 13:13:36][org.springframework.web.servlet.mvc.method.annotation.RequestMappingHandlerMapping]Mapped "{[/system/fileUpload],methods=[POST]}" onto public java.util.Map<java.lang.String, java.lang.String> edu.whu.irlab.web.SystemController.fileUpload(org.springframework.web.multipart.MultipartFile,javax.servlet.http.HttpServletRequest)
[INFO] [2016-07-22 13:13:36][org.springframework.web.servlet.handler.SimpleUrlHandlerMapping]Root mapping to handler of type [class org.springframework.web.servlet.mvc.ParameterizableViewController]
[INFO] [2016-07-22 13:13:43][org.apache.shiro.realm.AuthorizingRealm]No cache or cacheManager properties have been set.  Authorization cache cannot be obtained.
[INFO] [2016-07-22 13:14:39][org.springframework.web.context.ContextLoader]Root WebApplicationContext: initialization started
[INFO] [2016-07-22 13:14:39][org.springframework.web.context.support.XmlWebApplicationContext]Refreshing Root WebApplicationContext: startup date [Fri Jul 22 13:14:39 CST 2016]; root of context hierarchy
[INFO] [2016-07-22 13:14:39][org.springframework.beans.factory.xml.XmlBeanDefinitionReader]Loading XML bean definitions from file [E:\irlab\Java\StdDB\target\classes\spring\applicationContext-dao.xml]
[INFO] [2016-07-22 13:14:39][org.springframework.beans.factory.xml.XmlBeanDefinitionReader]Loading XML bean definitions from file [E:\irlab\Java\StdDB\target\classes\spring\applicationContext-shiro.xml]
[INFO] [2016-07-22 13:14:39][org.springframework.beans.factory.xml.XmlBeanDefinitionReader]Loading XML bean definitions from file [E:\irlab\Java\StdDB\target\classes\spring\applicationContext.xml]
[INFO] [2016-07-22 13:14:40][org.springframework.context.support.PropertySourcesPlaceholderConfigurer]Loading properties file from class path resource [db.properties]
[INFO] [2016-07-22 13:14:40][org.springframework.beans.factory.annotation.AutowiredAnnotationBeanPostProcessor]JSR-330 'javax.inject.Inject' annotation found and supported for autowiring
[INFO] [2016-07-22 13:14:40][org.springframework.context.support.PostProcessorRegistrationDelegate$BeanPostProcessorChecker]Bean 'org.springframework.beans.factory.config.MethodInvokingFactoryBean#0' of type [class org.springframework.beans.factory.config.MethodInvokingFactoryBean] is not eligible for getting processed by all BeanPostProcessors (for example: not eligible for auto-proxying)
[INFO] [2016-07-22 13:14:41][com.alibaba.druid.pool.DruidDataSource]{dataSource-1} inited
[INFO] [2016-07-22 13:14:41][org.springframework.context.support.PostProcessorRegistrationDelegate$BeanPostProcessorChecker]Bean 'dataSourceLocal' of type [class com.alibaba.druid.pool.DruidDataSource] is not eligible for getting processed by all BeanPostProcessors (for example: not eligible for auto-proxying)
[INFO] [2016-07-22 13:14:41][com.alibaba.druid.pool.DruidDataSource]{dataSource-2} inited
[INFO] [2016-07-22 13:14:41][org.springframework.context.support.PostProcessorRegistrationDelegate$BeanPostProcessorChecker]Bean 'dataSourceAccess' of type [class com.alibaba.druid.pool.DruidDataSource] is not eligible for getting processed by all BeanPostProcessors (for example: not eligible for auto-proxying)
[INFO] [2016-07-22 13:14:41][com.alibaba.druid.pool.DruidDataSource]{dataSource-3} inited
[INFO] [2016-07-22 13:14:41][org.springframework.context.support.PostProcessorRegistrationDelegate$BeanPostProcessorChecker]Bean 'dataSourceMysql' of type [class com.alibaba.druid.pool.DruidDataSource] is not eligible for getting processed by all BeanPostProcessors (for example: not eligible for auto-proxying)
[INFO] [2016-07-22 13:14:41][org.springframework.context.support.PostProcessorRegistrationDelegate$BeanPostProcessorChecker]Bean 'multipleDataSource' of type [class edu.whu.irlab.datasource.MultipleDataSource] is not eligible for getting processed by all BeanPostProcessors (for example: not eligible for auto-proxying)
[INFO] [2016-07-22 13:14:41][org.springframework.context.support.PostProcessorRegistrationDelegate$BeanPostProcessorChecker]Bean 'sqlSessionFactory' of type [class org.mybatis.spring.SqlSessionFactoryBean] is not eligible for getting processed by all BeanPostProcessors (for example: not eligible for auto-proxying)
[INFO] [2016-07-22 13:14:41][org.springframework.context.support.PostProcessorRegistrationDelegate$BeanPostProcessorChecker]Bean 'sqlSessionFactory' of type [class org.apache.ibatis.session.defaults.DefaultSqlSessionFactory] is not eligible for getting processed by all BeanPostProcessors (for example: not eligible for auto-proxying)
[INFO] [2016-07-22 13:14:41][org.springframework.context.support.PostProcessorRegistrationDelegate$BeanPostProcessorChecker]Bean 'userMapper' of type [class org.mybatis.spring.mapper.MapperFactoryBean] is not eligible for getting processed by all BeanPostProcessors (for example: not eligible for auto-proxying)
[INFO] [2016-07-22 13:14:41][org.springframework.context.support.PostProcessorRegistrationDelegate$BeanPostProcessorChecker]Bean 'userMapper' of type [class com.sun.proxy.$Proxy36] is not eligible for getting processed by all BeanPostProcessors (for example: not eligible for auto-proxying)
[INFO] [2016-07-22 13:14:41][org.springframework.context.support.PostProcessorRegistrationDelegate$BeanPostProcessorChecker]Bean 'userService' of type [class edu.whu.irlab.service.local.impl.UserServiceImpl] is not eligible for getting processed by all BeanPostProcessors (for example: not eligible for auto-proxying)
[INFO] [2016-07-22 13:14:41][org.springframework.context.support.PostProcessorRegistrationDelegate$BeanPostProcessorChecker]Bean 'hashedCredentialsMatcher' of type [class org.apache.shiro.authc.credential.HashedCredentialsMatcher] is not eligible for getting processed by all BeanPostProcessors (for example: not eligible for auto-proxying)
[INFO] [2016-07-22 13:14:41][org.apache.shiro.realm.AuthorizingRealm]No cache or cacheManager properties have been set.  Authorization cache cannot be obtained.
[INFO] [2016-07-22 13:14:41][org.springframework.context.support.PostProcessorRegistrationDelegate$BeanPostProcessorChecker]Bean 'userRealm' of type [class edu.whu.irlab.shiro.realm.UserRealm] is not eligible for getting processed by all BeanPostProcessors (for example: not eligible for auto-proxying)
[INFO] [2016-07-22 13:14:41][org.springframework.context.support.PostProcessorRegistrationDelegate$BeanPostProcessorChecker]Bean 'securityManager' of type [class org.apache.shiro.web.mgt.DefaultWebSecurityManager] is not eligible for getting processed by all BeanPostProcessors (for example: not eligible for auto-proxying)
[INFO] [2016-07-22 13:14:42][org.springframework.context.support.PostProcessorRegistrationDelegate$BeanPostProcessorChecker]Bean 'formAuthenticationFilter' of type [class org.apache.shiro.web.filter.authc.FormAuthenticationFilter] is not eligible for getting processed by all BeanPostProcessors (for example: not eligible for auto-proxying)
[INFO] [2016-07-22 13:14:42][org.springframework.web.context.ContextLoader]Root WebApplicationContext: initialization completed in 3172 ms
[INFO] [2016-07-22 13:14:42][org.springframework.web.servlet.DispatcherServlet]FrameworkServlet 'dispatcherServlet': initialization started
[INFO] [2016-07-22 13:14:42][org.springframework.web.context.support.XmlWebApplicationContext]Refreshing WebApplicationContext for namespace 'dispatcherServlet-servlet': startup date [Fri Jul 22 13:14:42 CST 2016]; parent: Root WebApplicationContext
[INFO] [2016-07-22 13:14:42][org.springframework.beans.factory.xml.XmlBeanDefinitionReader]Loading XML bean definitions from class path resource [spring-mvc.xml]
[INFO] [2016-07-22 13:14:42][org.springframework.beans.factory.annotation.AutowiredAnnotationBeanPostProcessor]JSR-330 'javax.inject.Inject' annotation found and supported for autowiring
[INFO] [2016-07-22 13:14:42][org.springframework.web.servlet.mvc.method.annotation.RequestMappingHandlerMapping]Mapped "{[/answer],methods=[GET]}" onto public java.lang.String edu.whu.irlab.web.AnswerController.answer(org.springframework.ui.Model)
[INFO] [2016-07-22 13:14:42][org.springframework.web.servlet.mvc.method.annotation.RequestMappingHandlerMapping]Mapped "{[/login],methods=[GET]}" onto public java.lang.String edu.whu.irlab.web.LoginController.login(edu.whu.irlab.model.local.User)
[INFO] [2016-07-22 13:14:42][org.springframework.web.servlet.mvc.method.annotation.RequestMappingHandlerMapping]Mapped "{[/login],methods=[POST]}" onto public java.lang.String edu.whu.irlab.web.LoginController.login(edu.whu.irlab.model.local.User,org.springframework.web.servlet.mvc.support.RedirectAttributes)
[INFO] [2016-07-22 13:14:42][org.springframework.web.servlet.mvc.method.annotation.RequestMappingHandlerMapping]Mapped "{[/system/fileUpload],methods=[POST]}" onto public java.util.Map<java.lang.String, java.lang.String> edu.whu.irlab.web.SystemController.fileUpload(org.springframework.web.multipart.MultipartFile,javax.servlet.http.HttpServletRequest)
[INFO] [2016-07-22 13:14:42][org.springframework.web.servlet.mvc.method.annotation.RequestMappingHandlerMapping]Mapped "{[/system/fileUpload],methods=[GET]}" onto public java.lang.String edu.whu.irlab.web.SystemController.fileUpload()
[INFO] [2016-07-22 13:14:43][org.springframework.web.servlet.mvc.method.annotation.RequestMappingHandlerAdapter]Looking for @ControllerAdvice: WebApplicationContext for namespace 'dispatcherServlet-servlet': startup date [Fri Jul 22 13:14:42 CST 2016]; parent: Root WebApplicationContext
[INFO] [2016-07-22 13:14:43][org.springframework.web.servlet.mvc.method.annotation.RequestMappingHandlerAdapter]Looking for @ControllerAdvice: WebApplicationContext for namespace 'dispatcherServlet-servlet': startup date [Fri Jul 22 13:14:42 CST 2016]; parent: Root WebApplicationContext
[INFO] [2016-07-22 13:14:43][org.springframework.web.servlet.handler.SimpleUrlHandlerMapping]Mapped URL path [/**] onto handler 'org.springframework.web.servlet.resource.DefaultServletHttpRequestHandler#0'
[INFO] [2016-07-22 13:14:43][org.springframework.web.servlet.handler.SimpleUrlHandlerMapping]Root mapping to handler of type [class org.springframework.web.servlet.mvc.ParameterizableViewController]
[INFO] [2016-07-22 13:14:43][org.springframework.web.servlet.DispatcherServlet]FrameworkServlet 'dispatcherServlet': initialization completed in 1257 ms
[INFO] [2016-07-22 13:17:37][org.springframework.web.context.ContextLoader]Root WebApplicationContext: initialization started
[INFO] [2016-07-22 13:17:37][org.springframework.web.context.support.XmlWebApplicationContext]Refreshing Root WebApplicationContext: startup date [Fri Jul 22 13:17:37 CST 2016]; root of context hierarchy
[INFO] [2016-07-22 13:17:37][org.springframework.beans.factory.xml.XmlBeanDefinitionReader]Loading XML bean definitions from file [E:\irlab\Java\StdDB\target\classes\spring\applicationContext-dao.xml]
[INFO] [2016-07-22 13:17:37][org.springframework.beans.factory.xml.XmlBeanDefinitionReader]Loading XML bean definitions from file [E:\irlab\Java\StdDB\target\classes\spring\applicationContext-shiro.xml]
[INFO] [2016-07-22 13:17:37][org.springframework.beans.factory.xml.XmlBeanDefinitionReader]Loading XML bean definitions from file [E:\irlab\Java\StdDB\target\classes\spring\applicationContext.xml]
[INFO] [2016-07-22 13:17:38][org.springframework.context.support.PropertySourcesPlaceholderConfigurer]Loading properties file from class path resource [db.properties]
[INFO] [2016-07-22 13:17:38][org.springframework.beans.factory.annotation.AutowiredAnnotationBeanPostProcessor]JSR-330 'javax.inject.Inject' annotation found and supported for autowiring
[INFO] [2016-07-22 13:17:38][org.springframework.context.support.PostProcessorRegistrationDelegate$BeanPostProcessorChecker]Bean 'org.springframework.beans.factory.config.MethodInvokingFactoryBean#0' of type [class org.springframework.beans.factory.config.MethodInvokingFactoryBean] is not eligible for getting processed by all BeanPostProcessors (for example: not eligible for auto-proxying)
[INFO] [2016-07-22 13:17:39][com.alibaba.druid.pool.DruidDataSource]{dataSource-1} inited
[INFO] [2016-07-22 13:17:39][org.springframework.context.support.PostProcessorRegistrationDelegate$BeanPostProcessorChecker]Bean 'dataSourceLocal' of type [class com.alibaba.druid.pool.DruidDataSource] is not eligible for getting processed by all BeanPostProcessors (for example: not eligible for auto-proxying)
[INFO] [2016-07-22 13:17:39][com.alibaba.druid.pool.DruidDataSource]{dataSource-2} inited
[INFO] [2016-07-22 13:17:39][org.springframework.context.support.PostProcessorRegistrationDelegate$BeanPostProcessorChecker]Bean 'dataSourceAccess' of type [class com.alibaba.druid.pool.DruidDataSource] is not eligible for getting processed by all BeanPostProcessors (for example: not eligible for auto-proxying)
[INFO] [2016-07-22 13:17:39][com.alibaba.druid.pool.DruidDataSource]{dataSource-3} inited
[INFO] [2016-07-22 13:17:39][org.springframework.context.support.PostProcessorRegistrationDelegate$BeanPostProcessorChecker]Bean 'dataSourceMysql' of type [class com.alibaba.druid.pool.DruidDataSource] is not eligible for getting processed by all BeanPostProcessors (for example: not eligible for auto-proxying)
[INFO] [2016-07-22 13:17:39][org.springframework.context.support.PostProcessorRegistrationDelegate$BeanPostProcessorChecker]Bean 'multipleDataSource' of type [class edu.whu.irlab.datasource.MultipleDataSource] is not eligible for getting processed by all BeanPostProcessors (for example: not eligible for auto-proxying)
[INFO] [2016-07-22 13:17:40][org.springframework.context.support.PostProcessorRegistrationDelegate$BeanPostProcessorChecker]Bean 'sqlSessionFactory' of type [class org.mybatis.spring.SqlSessionFactoryBean] is not eligible for getting processed by all BeanPostProcessors (for example: not eligible for auto-proxying)
[INFO] [2016-07-22 13:17:40][org.springframework.context.support.PostProcessorRegistrationDelegate$BeanPostProcessorChecker]Bean 'sqlSessionFactory' of type [class org.apache.ibatis.session.defaults.DefaultSqlSessionFactory] is not eligible for getting processed by all BeanPostProcessors (for example: not eligible for auto-proxying)
[INFO] [2016-07-22 13:17:40][org.springframework.context.support.PostProcessorRegistrationDelegate$BeanPostProcessorChecker]Bean 'userMapper' of type [class org.mybatis.spring.mapper.MapperFactoryBean] is not eligible for getting processed by all BeanPostProcessors (for example: not eligible for auto-proxying)
[INFO] [2016-07-22 13:17:40][org.springframework.context.support.PostProcessorRegistrationDelegate$BeanPostProcessorChecker]Bean 'userMapper' of type [class com.sun.proxy.$Proxy36] is not eligible for getting processed by all BeanPostProcessors (for example: not eligible for auto-proxying)
[INFO] [2016-07-22 13:17:40][org.springframework.context.support.PostProcessorRegistrationDelegate$BeanPostProcessorChecker]Bean 'userService' of type [class edu.whu.irlab.service.local.impl.UserServiceImpl] is not eligible for getting processed by all BeanPostProcessors (for example: not eligible for auto-proxying)
[INFO] [2016-07-22 13:17:40][org.springframework.context.support.PostProcessorRegistrationDelegate$BeanPostProcessorChecker]Bean 'hashedCredentialsMatcher' of type [class org.apache.shiro.authc.credential.HashedCredentialsMatcher] is not eligible for getting processed by all BeanPostProcessors (for example: not eligible for auto-proxying)
[INFO] [2016-07-22 13:17:40][org.apache.shiro.realm.AuthorizingRealm]No cache or cacheManager properties have been set.  Authorization cache cannot be obtained.
[INFO] [2016-07-22 13:17:40][org.springframework.context.support.PostProcessorRegistrationDelegate$BeanPostProcessorChecker]Bean 'userRealm' of type [class edu.whu.irlab.shiro.realm.UserRealm] is not eligible for getting processed by all BeanPostProcessors (for example: not eligible for auto-proxying)
[INFO] [2016-07-22 13:17:40][org.springframework.context.support.PostProcessorRegistrationDelegate$BeanPostProcessorChecker]Bean 'securityManager' of type [class org.apache.shiro.web.mgt.DefaultWebSecurityManager] is not eligible for getting processed by all BeanPostProcessors (for example: not eligible for auto-proxying)
[INFO] [2016-07-22 13:17:40][org.springframework.context.support.PostProcessorRegistrationDelegate$BeanPostProcessorChecker]Bean 'formAuthenticationFilter' of type [class org.apache.shiro.web.filter.authc.FormAuthenticationFilter] is not eligible for getting processed by all BeanPostProcessors (for example: not eligible for auto-proxying)
[INFO] [2016-07-22 13:17:40][org.springframework.web.context.ContextLoader]Root WebApplicationContext: initialization completed in 3206 ms
[INFO] [2016-07-22 13:17:40][org.springframework.web.servlet.DispatcherServlet]FrameworkServlet 'dispatcherServlet': initialization started
[INFO] [2016-07-22 13:17:40][org.springframework.web.context.support.XmlWebApplicationContext]Refreshing WebApplicationContext for namespace 'dispatcherServlet-servlet': startup date [Fri Jul 22 13:17:40 CST 2016]; parent: Root WebApplicationContext
[INFO] [2016-07-22 13:17:40][org.springframework.beans.factory.xml.XmlBeanDefinitionReader]Loading XML bean definitions from class path resource [spring-mvc.xml]
[INFO] [2016-07-22 13:17:40][org.springframework.beans.factory.annotation.AutowiredAnnotationBeanPostProcessor]JSR-330 'javax.inject.Inject' annotation found and supported for autowiring
[INFO] [2016-07-22 13:17:40][org.springframework.web.servlet.mvc.method.annotation.RequestMappingHandlerMapping]Mapped "{[/answer],methods=[GET]}" onto public java.lang.String edu.whu.irlab.web.AnswerController.answer(org.springframework.ui.Model)
[INFO] [2016-07-22 13:17:40][org.springframework.web.servlet.mvc.method.annotation.RequestMappingHandlerMapping]Mapped "{[/login],methods=[GET]}" onto public java.lang.String edu.whu.irlab.web.LoginController.login(edu.whu.irlab.model.local.User)
[INFO] [2016-07-22 13:17:40][org.springframework.web.servlet.mvc.method.annotation.RequestMappingHandlerMapping]Mapped "{[/login],methods=[POST]}" onto public java.lang.String edu.whu.irlab.web.LoginController.login(edu.whu.irlab.model.local.User,org.springframework.web.servlet.mvc.support.RedirectAttributes)
[INFO] [2016-07-22 13:17:40][org.springframework.web.servlet.mvc.method.annotation.RequestMappingHandlerMapping]Mapped "{[/system/fileUpload],methods=[GET]}" onto public java.lang.String edu.whu.irlab.web.SystemController.fileUpload()
[INFO] [2016-07-22 13:17:40][org.springframework.web.servlet.mvc.method.annotation.RequestMappingHandlerMapping]Mapped "{[/system/fileUpload],methods=[POST]}" onto public java.util.Map<java.lang.String, java.lang.String> edu.whu.irlab.web.SystemController.fileUpload(org.springframework.web.multipart.MultipartFile,javax.servlet.http.HttpServletRequest)
[INFO] [2016-07-22 13:17:41][org.springframework.web.servlet.mvc.method.annotation.RequestMappingHandlerAdapter]Looking for @ControllerAdvice: WebApplicationContext for namespace 'dispatcherServlet-servlet': startup date [Fri Jul 22 13:17:40 CST 2016]; parent: Root WebApplicationContext
[INFO] [2016-07-22 13:17:41][org.springframework.web.servlet.mvc.method.annotation.RequestMappingHandlerAdapter]Looking for @ControllerAdvice: WebApplicationContext for namespace 'dispatcherServlet-servlet': startup date [Fri Jul 22 13:17:40 CST 2016]; parent: Root WebApplicationContext
[INFO] [2016-07-22 13:17:41][org.springframework.web.servlet.handler.SimpleUrlHandlerMapping]Mapped URL path [/**] onto handler 'org.springframework.web.servlet.resource.DefaultServletHttpRequestHandler#0'
[INFO] [2016-07-22 13:17:41][org.springframework.web.servlet.handler.SimpleUrlHandlerMapping]Root mapping to handler of type [class org.springframework.web.servlet.mvc.ParameterizableViewController]
[INFO] [2016-07-22 13:17:41][org.springframework.web.servlet.DispatcherServlet]FrameworkServlet 'dispatcherServlet': initialization completed in 1302 ms
[INFO] [2016-07-22 13:17:52][org.springframework.beans.factory.xml.XmlBeanDefinitionReader]Loading XML bean definitions from class path resource [org/springframework/jdbc/support/sql-error-codes.xml]
[INFO] [2016-07-22 13:17:52][org.springframework.jdbc.support.SQLErrorCodesFactory]SQLErrorCodes loaded: [DB2, Derby, H2, HSQL, Informix, MS-SQL, MySQL, Oracle, PostgreSQL, Sybase, Hana]
[INFO] [2016-07-22 13:25:21][org.springframework.web.servlet.mvc.method.annotation.RequestMappingHandlerMapping]Mapped "{[/answer],methods=[GET]}" onto public java.lang.String edu.whu.irlab.web.AnswerController.answer(org.springframework.ui.Model)
[INFO] [2016-07-22 13:25:21][org.springframework.web.servlet.mvc.method.annotation.RequestMappingHandlerMapping]Mapped "{[/login],methods=[GET]}" onto public java.lang.String edu.whu.irlab.web.LoginController.login(edu.whu.irlab.model.local.User)
[INFO] [2016-07-22 13:25:21][org.springframework.web.servlet.mvc.method.annotation.RequestMappingHandlerMapping]Mapped "{[/login],methods=[POST]}" onto public java.lang.String edu.whu.irlab.web.LoginController.login(edu.whu.irlab.model.local.User,org.springframework.web.servlet.mvc.support.RedirectAttributes)
[INFO] [2016-07-22 13:25:21][org.springframework.web.servlet.mvc.method.annotation.RequestMappingHandlerMapping]Mapped "{[/system/fileUpload],methods=[GET]}" onto public java.lang.String edu.whu.irlab.web.SystemController.fileUpload()
[INFO] [2016-07-22 13:25:21][org.springframework.web.servlet.mvc.method.annotation.RequestMappingHandlerMapping]Mapped "{[/system/fileUpload],methods=[POST]}" onto public java.util.Map<java.lang.String, java.lang.String> edu.whu.irlab.web.SystemController.fileUpload(org.springframework.web.multipart.MultipartFile,javax.servlet.http.HttpServletRequest)
[INFO] [2016-07-22 13:27:47][org.springframework.web.servlet.mvc.method.annotation.RequestMappingHandlerMapping]Mapped "{[/answer],methods=[GET]}" onto public java.lang.String edu.whu.irlab.web.AnswerController.answer(org.springframework.ui.Model)
[INFO] [2016-07-22 13:27:47][org.springframework.web.servlet.mvc.method.annotation.RequestMappingHandlerMapping]Mapped "{[/login],methods=[GET]}" onto public java.lang.String edu.whu.irlab.web.LoginController.login(edu.whu.irlab.model.local.User)
[INFO] [2016-07-22 13:27:47][org.springframework.web.servlet.mvc.method.annotation.RequestMappingHandlerMapping]Mapped "{[/login],methods=[POST]}" onto public java.lang.String edu.whu.irlab.web.LoginController.login(edu.whu.irlab.model.local.User,org.springframework.web.servlet.mvc.support.RedirectAttributes)
[INFO] [2016-07-22 13:27:47][org.springframework.web.servlet.mvc.method.annotation.RequestMappingHandlerMapping]Mapped "{[/system/fileUpload],methods=[GET]}" onto public java.lang.String edu.whu.irlab.web.SystemController.fileUpload()
[INFO] [2016-07-22 13:27:47][org.springframework.web.servlet.mvc.method.annotation.RequestMappingHandlerMapping]Mapped "{[/system/fileUpload],methods=[POST]}" onto public java.util.Map<java.lang.String, java.lang.String> edu.whu.irlab.web.SystemController.fileUpload(org.springframework.web.multipart.MultipartFile,javax.servlet.http.HttpServletRequest)
[INFO] [2016-07-22 13:27:51][org.springframework.web.servlet.handler.SimpleUrlHandlerMapping]Root mapping to handler of type [class org.springframework.web.servlet.mvc.ParameterizableViewController]
[INFO] [2016-07-22 13:31:16][org.springframework.web.servlet.mvc.method.annotation.RequestMappingHandlerMapping]Mapped "{[/answer],methods=[GET]}" onto public java.lang.String edu.whu.irlab.web.AnswerController.answer(org.springframework.ui.Model)
[INFO] [2016-07-22 13:31:16][org.springframework.web.servlet.mvc.method.annotation.RequestMappingHandlerMapping]Mapped "{[/login],methods=[GET]}" onto public java.lang.String edu.whu.irlab.web.LoginController.login(edu.whu.irlab.model.local.User)
[INFO] [2016-07-22 13:31:16][org.springframework.web.servlet.mvc.method.annotation.RequestMappingHandlerMapping]Mapped "{[/login],methods=[POST]}" onto public java.lang.String edu.whu.irlab.web.LoginController.login(edu.whu.irlab.model.local.User,org.springframework.web.servlet.mvc.support.RedirectAttributes)
[INFO] [2016-07-22 13:31:16][org.springframework.web.servlet.mvc.method.annotation.RequestMappingHandlerMapping]Mapped "{[/system/fileUpload],methods=[GET]}" onto public java.lang.String edu.whu.irlab.web.SystemController.fileUpload()
[INFO] [2016-07-22 13:31:16][org.springframework.web.servlet.mvc.method.annotation.RequestMappingHandlerMapping]Mapped "{[/system/fileUpload],methods=[POST]}" onto public java.util.Map<java.lang.String, java.lang.String> edu.whu.irlab.web.SystemController.fileUpload(org.springframework.web.multipart.MultipartFile,javax.servlet.http.HttpServletRequest)
[INFO] [2016-07-22 13:33:24][org.springframework.web.context.ContextLoader]Root WebApplicationContext: initialization started
[INFO] [2016-07-22 13:33:24][org.springframework.web.context.support.XmlWebApplicationContext]Refreshing Root WebApplicationContext: startup date [Fri Jul 22 13:33:24 CST 2016]; root of context hierarchy
[INFO] [2016-07-22 13:33:24][org.springframework.beans.factory.xml.XmlBeanDefinitionReader]Loading XML bean definitions from file [E:\irlab\Java\StdDB\target\classes\spring\applicationContext-dao.xml]
[INFO] [2016-07-22 13:33:24][org.springframework.beans.factory.xml.XmlBeanDefinitionReader]Loading XML bean definitions from file [E:\irlab\Java\StdDB\target\classes\spring\applicationContext-shiro.xml]
[INFO] [2016-07-22 13:33:24][org.springframework.beans.factory.xml.XmlBeanDefinitionReader]Loading XML bean definitions from file [E:\irlab\Java\StdDB\target\classes\spring\applicationContext.xml]
[INFO] [2016-07-22 13:33:25][org.springframework.context.support.PropertySourcesPlaceholderConfigurer]Loading properties file from class path resource [db.properties]
[INFO] [2016-07-22 13:33:25][org.springframework.beans.factory.annotation.AutowiredAnnotationBeanPostProcessor]JSR-330 'javax.inject.Inject' annotation found and supported for autowiring
[INFO] [2016-07-22 13:33:25][org.springframework.context.support.PostProcessorRegistrationDelegate$BeanPostProcessorChecker]Bean 'org.springframework.beans.factory.config.MethodInvokingFactoryBean#0' of type [class org.springframework.beans.factory.config.MethodInvokingFactoryBean] is not eligible for getting processed by all BeanPostProcessors (for example: not eligible for auto-proxying)
[INFO] [2016-07-22 13:33:26][com.alibaba.druid.pool.DruidDataSource]{dataSource-1} inited
[INFO] [2016-07-22 13:33:26][org.springframework.context.support.PostProcessorRegistrationDelegate$BeanPostProcessorChecker]Bean 'dataSourceLocal' of type [class com.alibaba.druid.pool.DruidDataSource] is not eligible for getting processed by all BeanPostProcessors (for example: not eligible for auto-proxying)
[INFO] [2016-07-22 13:33:26][com.alibaba.druid.pool.DruidDataSource]{dataSource-2} inited
[INFO] [2016-07-22 13:33:26][org.springframework.context.support.PostProcessorRegistrationDelegate$BeanPostProcessorChecker]Bean 'dataSourceAccess' of type [class com.alibaba.druid.pool.DruidDataSource] is not eligible for getting processed by all BeanPostProcessors (for example: not eligible for auto-proxying)
[INFO] [2016-07-22 13:33:26][com.alibaba.druid.pool.DruidDataSource]{dataSource-3} inited
[INFO] [2016-07-22 13:33:26][org.springframework.context.support.PostProcessorRegistrationDelegate$BeanPostProcessorChecker]Bean 'dataSourceMysql' of type [class com.alibaba.druid.pool.DruidDataSource] is not eligible for getting processed by all BeanPostProcessors (for example: not eligible for auto-proxying)
[INFO] [2016-07-22 13:33:26][org.springframework.context.support.PostProcessorRegistrationDelegate$BeanPostProcessorChecker]Bean 'multipleDataSource' of type [class edu.whu.irlab.datasource.MultipleDataSource] is not eligible for getting processed by all BeanPostProcessors (for example: not eligible for auto-proxying)
[INFO] [2016-07-22 13:33:26][org.springframework.context.support.PostProcessorRegistrationDelegate$BeanPostProcessorChecker]Bean 'sqlSessionFactory' of type [class org.mybatis.spring.SqlSessionFactoryBean] is not eligible for getting processed by all BeanPostProcessors (for example: not eligible for auto-proxying)
[INFO] [2016-07-22 13:33:26][org.springframework.context.support.PostProcessorRegistrationDelegate$BeanPostProcessorChecker]Bean 'sqlSessionFactory' of type [class org.apache.ibatis.session.defaults.DefaultSqlSessionFactory] is not eligible for getting processed by all BeanPostProcessors (for example: not eligible for auto-proxying)
[INFO] [2016-07-22 13:33:26][org.springframework.context.support.PostProcessorRegistrationDelegate$BeanPostProcessorChecker]Bean 'userMapper' of type [class org.mybatis.spring.mapper.MapperFactoryBean] is not eligible for getting processed by all BeanPostProcessors (for example: not eligible for auto-proxying)
[INFO] [2016-07-22 13:33:26][org.springframework.context.support.PostProcessorRegistrationDelegate$BeanPostProcessorChecker]Bean 'userMapper' of type [class com.sun.proxy.$Proxy37] is not eligible for getting processed by all BeanPostProcessors (for example: not eligible for auto-proxying)
[INFO] [2016-07-22 13:33:26][org.springframework.context.support.PostProcessorRegistrationDelegate$BeanPostProcessorChecker]Bean 'userService' of type [class edu.whu.irlab.service.local.impl.UserServiceImpl] is not eligible for getting processed by all BeanPostProcessors (for example: not eligible for auto-proxying)
[INFO] [2016-07-22 13:33:26][org.springframework.context.support.PostProcessorRegistrationDelegate$BeanPostProcessorChecker]Bean 'hashedCredentialsMatcher' of type [class org.apache.shiro.authc.credential.HashedCredentialsMatcher] is not eligible for getting processed by all BeanPostProcessors (for example: not eligible for auto-proxying)
[INFO] [2016-07-22 13:33:26][org.apache.shiro.realm.AuthorizingRealm]No cache or cacheManager properties have been set.  Authorization cache cannot be obtained.
[INFO] [2016-07-22 13:33:26][org.springframework.context.support.PostProcessorRegistrationDelegate$BeanPostProcessorChecker]Bean 'userRealm' of type [class edu.whu.irlab.shiro.realm.UserRealm] is not eligible for getting processed by all BeanPostProcessors (for example: not eligible for auto-proxying)
[INFO] [2016-07-22 13:33:26][org.springframework.context.support.PostProcessorRegistrationDelegate$BeanPostProcessorChecker]Bean 'securityManager' of type [class org.apache.shiro.web.mgt.DefaultWebSecurityManager] is not eligible for getting processed by all BeanPostProcessors (for example: not eligible for auto-proxying)
[INFO] [2016-07-22 13:33:26][org.springframework.context.support.PostProcessorRegistrationDelegate$BeanPostProcessorChecker]Bean 'formAuthenticationFilter' of type [class org.apache.shiro.web.filter.authc.FormAuthenticationFilter] is not eligible for getting processed by all BeanPostProcessors (for example: not eligible for auto-proxying)
[INFO] [2016-07-22 13:33:27][org.springframework.web.context.ContextLoader]Root WebApplicationContext: initialization completed in 3295 ms
[INFO] [2016-07-22 13:33:27][org.springframework.web.servlet.DispatcherServlet]FrameworkServlet 'dispatcherServlet': initialization started
[INFO] [2016-07-22 13:33:27][org.springframework.web.context.support.XmlWebApplicationContext]Refreshing WebApplicationContext for namespace 'dispatcherServlet-servlet': startup date [Fri Jul 22 13:33:27 CST 2016]; parent: Root WebApplicationContext
[INFO] [2016-07-22 13:33:27][org.springframework.beans.factory.xml.XmlBeanDefinitionReader]Loading XML bean definitions from class path resource [spring-mvc.xml]
[INFO] [2016-07-22 13:33:27][org.springframework.beans.factory.annotation.AutowiredAnnotationBeanPostProcessor]JSR-330 'javax.inject.Inject' annotation found and supported for autowiring
[INFO] [2016-07-22 13:33:28][org.springframework.web.servlet.mvc.method.annotation.RequestMappingHandlerMapping]Mapped "{[/answer],methods=[GET]}" onto public java.lang.String edu.whu.irlab.web.AnswerController.answer(org.springframework.ui.Model)
[INFO] [2016-07-22 13:33:28][org.springframework.web.servlet.mvc.method.annotation.RequestMappingHandlerMapping]Mapped "{[/login],methods=[GET]}" onto public java.lang.String edu.whu.irlab.web.LoginController.login(edu.whu.irlab.model.local.User)
[INFO] [2016-07-22 13:33:28][org.springframework.web.servlet.mvc.method.annotation.RequestMappingHandlerMapping]Mapped "{[/login],methods=[POST]}" onto public java.lang.String edu.whu.irlab.web.LoginController.login(edu.whu.irlab.model.local.User,org.springframework.web.servlet.mvc.support.RedirectAttributes)
[INFO] [2016-07-22 13:33:28][org.springframework.web.servlet.mvc.method.annotation.RequestMappingHandlerMapping]Mapped "{[/system/fileUpload],methods=[POST]}" onto public java.util.Map<java.lang.String, java.lang.String> edu.whu.irlab.web.SystemController.fileUpload(org.springframework.web.multipart.MultipartFile,javax.servlet.http.HttpServletRequest)
[INFO] [2016-07-22 13:33:28][org.springframework.web.servlet.mvc.method.annotation.RequestMappingHandlerMapping]Mapped "{[/system/fileUpload],methods=[GET]}" onto public java.lang.String edu.whu.irlab.web.SystemController.fileUpload()
[INFO] [2016-07-22 13:33:28][org.springframework.web.servlet.mvc.method.annotation.RequestMappingHandlerAdapter]Looking for @ControllerAdvice: WebApplicationContext for namespace 'dispatcherServlet-servlet': startup date [Fri Jul 22 13:33:27 CST 2016]; parent: Root WebApplicationContext
[INFO] [2016-07-22 13:33:28][org.springframework.web.servlet.mvc.method.annotation.RequestMappingHandlerAdapter]Looking for @ControllerAdvice: WebApplicationContext for namespace 'dispatcherServlet-servlet': startup date [Fri Jul 22 13:33:27 CST 2016]; parent: Root WebApplicationContext
[INFO] [2016-07-22 13:33:29][org.springframework.web.servlet.handler.SimpleUrlHandlerMapping]Mapped URL path [/**] onto handler 'org.springframework.web.servlet.resource.DefaultServletHttpRequestHandler#0'
[INFO] [2016-07-22 13:33:29][org.springframework.web.servlet.handler.SimpleUrlHandlerMapping]Root mapping to handler of type [class org.springframework.web.servlet.mvc.ParameterizableViewController]
[INFO] [2016-07-22 13:33:29][org.springframework.web.servlet.DispatcherServlet]FrameworkServlet 'dispatcherServlet': initialization completed in 1695 ms
[INFO] [2016-07-22 13:34:27][org.apache.shiro.realm.AuthorizingRealm]No cache or cacheManager properties have been set.  Authorization cache cannot be obtained.
[INFO] [2016-07-22 13:35:18][org.springframework.web.servlet.mvc.method.annotation.RequestMappingHandlerMapping]Mapped "{[/answer],methods=[GET]}" onto public java.lang.String edu.whu.irlab.web.AnswerController.answer(org.springframework.ui.Model)
[INFO] [2016-07-22 13:35:18][org.springframework.web.servlet.mvc.method.annotation.RequestMappingHandlerMapping]Mapped "{[/login],methods=[GET]}" onto public java.lang.String edu.whu.irlab.web.LoginController.login(edu.whu.irlab.model.local.User)
[INFO] [2016-07-22 13:35:18][org.springframework.web.servlet.mvc.method.annotation.RequestMappingHandlerMapping]Mapped "{[/login],methods=[POST]}" onto public java.lang.String edu.whu.irlab.web.LoginController.login(edu.whu.irlab.model.local.User,org.springframework.web.servlet.mvc.support.RedirectAttributes)
[INFO] [2016-07-22 13:35:18][org.springframework.web.servlet.mvc.method.annotation.RequestMappingHandlerMapping]Mapped "{[/system/fileUpload],methods=[POST]}" onto public java.util.Map<java.lang.String, java.lang.String> edu.whu.irlab.web.SystemController.fileUpload(org.springframework.web.multipart.MultipartFile,javax.servlet.http.HttpServletRequest)
[INFO] [2016-07-22 13:35:18][org.springframework.web.servlet.mvc.method.annotation.RequestMappingHandlerMapping]Mapped "{[/system/fileUpload],methods=[GET]}" onto public java.lang.String edu.whu.irlab.web.SystemController.fileUpload()
[INFO] [2016-07-22 13:35:40][org.springframework.web.context.ContextLoader]Root WebApplicationContext: initialization started
[INFO] [2016-07-22 13:35:40][org.springframework.web.context.support.XmlWebApplicationContext]Refreshing Root WebApplicationContext: startup date [Fri Jul 22 13:35:40 CST 2016]; root of context hierarchy
[INFO] [2016-07-22 13:35:41][org.springframework.beans.factory.xml.XmlBeanDefinitionReader]Loading XML bean definitions from file [E:\irlab\Java\StdDB\target\classes\spring\applicationContext-dao.xml]
[INFO] [2016-07-22 13:35:41][org.springframework.beans.factory.xml.XmlBeanDefinitionReader]Loading XML bean definitions from file [E:\irlab\Java\StdDB\target\classes\spring\applicationContext-shiro.xml]
[INFO] [2016-07-22 13:35:41][org.springframework.beans.factory.xml.XmlBeanDefinitionReader]Loading XML bean definitions from file [E:\irlab\Java\StdDB\target\classes\spring\applicationContext.xml]
[INFO] [2016-07-22 13:35:42][org.springframework.context.support.PropertySourcesPlaceholderConfigurer]Loading properties file from class path resource [db.properties]
[INFO] [2016-07-22 13:35:42][org.springframework.beans.factory.annotation.AutowiredAnnotationBeanPostProcessor]JSR-330 'javax.inject.Inject' annotation found and supported for autowiring
[INFO] [2016-07-22 13:35:42][org.springframework.context.support.PostProcessorRegistrationDelegate$BeanPostProcessorChecker]Bean 'org.springframework.beans.factory.config.MethodInvokingFactoryBean#0' of type [class org.springframework.beans.factory.config.MethodInvokingFactoryBean] is not eligible for getting processed by all BeanPostProcessors (for example: not eligible for auto-proxying)
[INFO] [2016-07-22 13:35:43][com.alibaba.druid.pool.DruidDataSource]{dataSource-1} inited
[INFO] [2016-07-22 13:35:43][org.springframework.context.support.PostProcessorRegistrationDelegate$BeanPostProcessorChecker]Bean 'dataSourceLocal' of type [class com.alibaba.druid.pool.DruidDataSource] is not eligible for getting processed by all BeanPostProcessors (for example: not eligible for auto-proxying)
[INFO] [2016-07-22 13:35:43][com.alibaba.druid.pool.DruidDataSource]{dataSource-2} inited
[INFO] [2016-07-22 13:35:43][org.springframework.context.support.PostProcessorRegistrationDelegate$BeanPostProcessorChecker]Bean 'dataSourceAccess' of type [class com.alibaba.druid.pool.DruidDataSource] is not eligible for getting processed by all BeanPostProcessors (for example: not eligible for auto-proxying)
[INFO] [2016-07-22 13:35:43][com.alibaba.druid.pool.DruidDataSource]{dataSource-3} inited
[INFO] [2016-07-22 13:35:43][org.springframework.context.support.PostProcessorRegistrationDelegate$BeanPostProcessorChecker]Bean 'dataSourceMysql' of type [class com.alibaba.druid.pool.DruidDataSource] is not eligible for getting processed by all BeanPostProcessors (for example: not eligible for auto-proxying)
[INFO] [2016-07-22 13:35:43][org.springframework.context.support.PostProcessorRegistrationDelegate$BeanPostProcessorChecker]Bean 'multipleDataSource' of type [class edu.whu.irlab.datasource.MultipleDataSource] is not eligible for getting processed by all BeanPostProcessors (for example: not eligible for auto-proxying)
[INFO] [2016-07-22 13:35:43][org.springframework.context.support.PostProcessorRegistrationDelegate$BeanPostProcessorChecker]Bean 'sqlSessionFactory' of type [class org.mybatis.spring.SqlSessionFactoryBean] is not eligible for getting processed by all BeanPostProcessors (for example: not eligible for auto-proxying)
[INFO] [2016-07-22 13:35:43][org.springframework.context.support.PostProcessorRegistrationDelegate$BeanPostProcessorChecker]Bean 'sqlSessionFactory' of type [class org.apache.ibatis.session.defaults.DefaultSqlSessionFactory] is not eligible for getting processed by all BeanPostProcessors (for example: not eligible for auto-proxying)
[INFO] [2016-07-22 13:35:43][org.springframework.context.support.PostProcessorRegistrationDelegate$BeanPostProcessorChecker]Bean 'userMapper' of type [class org.mybatis.spring.mapper.MapperFactoryBean] is not eligible for getting processed by all BeanPostProcessors (for example: not eligible for auto-proxying)
[INFO] [2016-07-22 13:35:43][org.springframework.context.support.PostProcessorRegistrationDelegate$BeanPostProcessorChecker]Bean 'userMapper' of type [class com.sun.proxy.$Proxy36] is not eligible for getting processed by all BeanPostProcessors (for example: not eligible for auto-proxying)
[INFO] [2016-07-22 13:35:43][org.springframework.context.support.PostProcessorRegistrationDelegate$BeanPostProcessorChecker]Bean 'userService' of type [class edu.whu.irlab.service.local.impl.UserServiceImpl] is not eligible for getting processed by all BeanPostProcessors (for example: not eligible for auto-proxying)
[INFO] [2016-07-22 13:35:43][org.springframework.context.support.PostProcessorRegistrationDelegate$BeanPostProcessorChecker]Bean 'hashedCredentialsMatcher' of type [class org.apache.shiro.authc.credential.HashedCredentialsMatcher] is not eligible for getting processed by all BeanPostProcessors (for example: not eligible for auto-proxying)
[INFO] [2016-07-22 13:35:43][org.apache.shiro.realm.AuthorizingRealm]No cache or cacheManager properties have been set.  Authorization cache cannot be obtained.
[INFO] [2016-07-22 13:35:43][org.springframework.context.support.PostProcessorRegistrationDelegate$BeanPostProcessorChecker]Bean 'userRealm' of type [class edu.whu.irlab.shiro.realm.UserRealm] is not eligible for getting processed by all BeanPostProcessors (for example: not eligible for auto-proxying)
[INFO] [2016-07-22 13:35:43][org.springframework.context.support.PostProcessorRegistrationDelegate$BeanPostProcessorChecker]Bean 'securityManager' of type [class org.apache.shiro.web.mgt.DefaultWebSecurityManager] is not eligible for getting processed by all BeanPostProcessors (for example: not eligible for auto-proxying)
[INFO] [2016-07-22 13:35:43][org.springframework.context.support.PostProcessorRegistrationDelegate$BeanPostProcessorChecker]Bean 'formAuthenticationFilter' of type [class org.apache.shiro.web.filter.authc.FormAuthenticationFilter] is not eligible for getting processed by all BeanPostProcessors (for example: not eligible for auto-proxying)
[INFO] [2016-07-22 13:35:43][org.springframework.web.context.ContextLoader]Root WebApplicationContext: initialization completed in 3298 ms
[INFO] [2016-07-22 13:35:44][org.springframework.web.servlet.DispatcherServlet]FrameworkServlet 'dispatcherServlet': initialization started
[INFO] [2016-07-22 13:35:44][org.springframework.web.context.support.XmlWebApplicationContext]Refreshing WebApplicationContext for namespace 'dispatcherServlet-servlet': startup date [Fri Jul 22 13:35:44 CST 2016]; parent: Root WebApplicationContext
[INFO] [2016-07-22 13:35:44][org.springframework.beans.factory.xml.XmlBeanDefinitionReader]Loading XML bean definitions from class path resource [spring-mvc.xml]
[INFO] [2016-07-22 13:35:44][org.springframework.beans.factory.annotation.AutowiredAnnotationBeanPostProcessor]JSR-330 'javax.inject.Inject' annotation found and supported for autowiring
[INFO] [2016-07-22 13:35:44][org.springframework.web.servlet.mvc.method.annotation.RequestMappingHandlerMapping]Mapped "{[/answer],methods=[GET]}" onto public java.lang.String edu.whu.irlab.web.AnswerController.answer(org.springframework.ui.Model)
[INFO] [2016-07-22 13:35:44][org.springframework.web.servlet.mvc.method.annotation.RequestMappingHandlerMapping]Mapped "{[/login],methods=[GET]}" onto public java.lang.String edu.whu.irlab.web.LoginController.login(edu.whu.irlab.model.local.User)
[INFO] [2016-07-22 13:35:44][org.springframework.web.servlet.mvc.method.annotation.RequestMappingHandlerMapping]Mapped "{[/login],methods=[POST]}" onto public java.lang.String edu.whu.irlab.web.LoginController.login(edu.whu.irlab.model.local.User,org.springframework.web.servlet.mvc.support.RedirectAttributes)
[INFO] [2016-07-22 13:35:44][org.springframework.web.servlet.mvc.method.annotation.RequestMappingHandlerMapping]Mapped "{[/system/fileUpload],methods=[POST]}" onto public java.util.Map<java.lang.String, java.lang.String> edu.whu.irlab.web.SystemController.fileUpload(org.springframework.web.multipart.MultipartFile,javax.servlet.http.HttpServletRequest)
[INFO] [2016-07-22 13:35:44][org.springframework.web.servlet.mvc.method.annotation.RequestMappingHandlerMapping]Mapped "{[/system/fileUpload],methods=[GET]}" onto public java.lang.String edu.whu.irlab.web.SystemController.fileUpload()
[INFO] [2016-07-22 13:35:44][org.springframework.web.servlet.mvc.method.annotation.RequestMappingHandlerAdapter]Looking for @ControllerAdvice: WebApplicationContext for namespace 'dispatcherServlet-servlet': startup date [Fri Jul 22 13:35:44 CST 2016]; parent: Root WebApplicationContext
[INFO] [2016-07-22 13:35:45][org.springframework.web.servlet.mvc.method.annotation.RequestMappingHandlerAdapter]Looking for @ControllerAdvice: WebApplicationContext for namespace 'dispatcherServlet-servlet': startup date [Fri Jul 22 13:35:44 CST 2016]; parent: Root WebApplicationContext
[INFO] [2016-07-22 13:35:45][org.springframework.web.servlet.handler.SimpleUrlHandlerMapping]Mapped URL path [/**] onto handler 'org.springframework.web.servlet.resource.DefaultServletHttpRequestHandler#0'
[INFO] [2016-07-22 13:35:45][org.springframework.web.servlet.handler.SimpleUrlHandlerMapping]Root mapping to handler of type [class org.springframework.web.servlet.mvc.ParameterizableViewController]
[INFO] [2016-07-22 13:35:45][org.springframework.web.servlet.DispatcherServlet]FrameworkServlet 'dispatcherServlet': initialization completed in 1216 ms
